<?xml version="1.0" encoding="UTF-8"?>
<!-- Generated by org.testng.reporters.JUnitReportReporter -->
<testsuite skipped="0" hostname="Dibas-PC" name="com.test.apiautomation.LoginAPITest" tests="4" failures="0" timestamp="16 Apr 2018 08:43:07 GMT" time="0.173" errors="0">
  <testcase name="loginTest" time="0.037" classname="com.test.apiautomation.LoginAPITest"/>
  <testcase name="loginTest" time="0.008" classname="com.test.apiautomation.LoginAPITest"/>
  <testcase name="loginTest" time="0.018" classname="com.test.apiautomation.LoginAPITest"/>
  <testcase name="loginTest" time="0.110" classname="com.test.apiautomation.LoginAPITest"/>
</testsuite> <!-- com.test.apiautomation.LoginAPITest -->
